[2019/9/3-10.54.46:119]AtmoPrecompGeo.glsl [1550057101] @: C:/Users/leah.lindner/Documents/PersonalProjects/etengine/resources/assets/Engine/Shaders/AtmoPreComp/
[2019/9/3-10.54.46:119]AtmoPrecompVert.glsl [618825323] @: C:/Users/leah.lindner/Documents/PersonalProjects/etengine/resources/assets/Engine/Shaders/AtmoPreComp/
[2019/9/3-10.54.46:119]Common.glsl [1502751422] @: C:/Users/leah.lindner/Documents/PersonalProjects/etengine/resources/assets/Engine/Shaders/
[2019/9/3-10.54.46:120]CommonAtmosphere.glsl [2159484142] @: C:/Users/leah.lindner/Documents/PersonalProjects/etengine/resources/assets/Engine/Shaders/
[2019/9/3-10.54.46:120]CommonDeferred.glsl [2235869] @: C:/Users/leah.lindner/Documents/PersonalProjects/etengine/resources/assets/Engine/Shaders/
[2019/9/3-10.54.46:121]CommonPBR.glsl [1894138146] @: C:/Users/leah.lindner/Documents/PersonalProjects/etengine/resources/assets/Engine/Shaders/
[2019/9/3-10.54.46:121]DefPBRMetShader.glsl [3696085421] @: C:/Users/leah.lindner/Documents/PersonalProjects/etengine/resources/assets/Demo/Shaders/
[2019/9/3-10.54.46:121]DefPBRParamShader.glsl [808226878] @: C:/Users/leah.lindner/Documents/PersonalProjects/etengine/resources/assets/Demo/Shaders/
[2019/9/3-10.54.46:122]FwdEmissiveShader.glsl [127682090] @: C:/Users/leah.lindner/Documents/PersonalProjects/etengine/resources/assets/Demo/Shaders/
[2019/9/3-10.54.46:122]ComputeDirectIrradiance.glsl [2529769663] @: C:/Users/leah.lindner/Documents/PersonalProjects/etengine/resources/assets/Engine/Shaders/AtmoPreComp/
[2019/9/3-10.54.46:122]ComputeIndirectIrradiance.glsl [2664907144] @: C:/Users/leah.lindner/Documents/PersonalProjects/etengine/resources/assets/Engine/Shaders/AtmoPreComp/
[2019/9/3-10.54.46:123]ComputeMultipleScattering.glsl [2854302990] @: C:/Users/leah.lindner/Documents/PersonalProjects/etengine/resources/assets/Engine/Shaders/AtmoPreComp/
[2019/9/3-10.54.46:123]ComputeScatteringDensity.glsl [184658538] @: C:/Users/leah.lindner/Documents/PersonalProjects/etengine/resources/assets/Engine/Shaders/AtmoPreComp/
[2019/9/3-10.54.46:123]ComputeSingleScattering.glsl [936607362] @: C:/Users/leah.lindner/Documents/PersonalProjects/etengine/resources/assets/Engine/Shaders/AtmoPreComp/
[2019/9/3-10.54.46:124]ComputeTransmittance.glsl [129548883] @: C:/Users/leah.lindner/Documents/PersonalProjects/etengine/resources/assets/Engine/Shaders/AtmoPreComp/
[2019/9/3-10.54.46:128]ComputeGlyphSDF.glsl [4004227777] @: C:/Users/leah.lindner/Documents/PersonalProjects/etengine/resources/assets/Engine/Shaders/
[2019/9/3-10.54.46:129]DebugRenderer.glsl [4211064189] @: C:/Users/leah.lindner/Documents/PersonalProjects/etengine/resources/assets/Engine/Shaders/
[2019/9/3-10.54.46:130]EditorComposite.glsl [901198585] @: C:/Users/leah.lindner/Documents/PersonalProjects/etengine/resources/assets/Engine/Shaders/
[2019/9/3-10.54.46:130]FwdBrdfLutShader.glsl [3786732842] @: C:/Users/leah.lindner/Documents/PersonalProjects/etengine/resources/assets/Engine/Shaders/
[2019/9/3-10.54.46:132]FwdConvBRDFShader.glsl [1502016897] @: C:/Users/leah.lindner/Documents/PersonalProjects/etengine/resources/assets/Engine/Shaders/
[2019/9/3-10.54.46:132]FwdConvIrradianceShader.glsl [3805403637] @: C:/Users/leah.lindner/Documents/PersonalProjects/etengine/resources/assets/Engine/Shaders/
[2019/9/3-10.54.46:133]FwdConvRadianceShader.glsl [440722974] @: C:/Users/leah.lindner/Documents/PersonalProjects/etengine/resources/assets/Engine/Shaders/
[2019/9/3-10.54.46:133]FwdEquiCubeShader.glsl [3856594332] @: C:/Users/leah.lindner/Documents/PersonalProjects/etengine/resources/assets/Engine/Shaders/
[2019/9/3-10.54.46:134]FwdLightDirectionalShader.glsl [3595598245] @: C:/Users/leah.lindner/Documents/PersonalProjects/etengine/resources/assets/Engine/Shaders/
[2019/9/3-10.54.46:134]FwdLightDirectionalShadowShader.glsl [3627338533] @: C:/Users/leah.lindner/Documents/PersonalProjects/etengine/resources/assets/Engine/Shaders/
[2019/9/3-10.54.46:135]FwdLightPointShader.glsl [1735084827] @: C:/Users/leah.lindner/Documents/PersonalProjects/etengine/resources/assets/Engine/Shaders/
[2019/9/3-10.54.46:136]FwdNullShader.glsl [3321856284] @: C:/Users/leah.lindner/Documents/PersonalProjects/etengine/resources/assets/Engine/Shaders/
[2019/9/3-10.54.46:136]FwdSkyboxShader.glsl [3052221175] @: C:/Users/leah.lindner/Documents/PersonalProjects/etengine/resources/assets/Engine/Shaders/
[2019/9/3-10.54.46:137]FwdStarField.glsl [2471895324] @: C:/Users/leah.lindner/Documents/PersonalProjects/etengine/resources/assets/Engine/Shaders/
[2019/9/3-10.54.46:140]PlanetPatch.glsl [934089189] @: C:/Users/leah.lindner/Documents/PersonalProjects/etengine/resources/assets/Engine/Shaders/
[2019/9/3-10.54.46:140]PlanetWire.glsl [1260303548] @: C:/Users/leah.lindner/Documents/PersonalProjects/etengine/resources/assets/Engine/Shaders/
[2019/9/3-10.54.46:141]PostAtmosphere.glsl [2298662033] @: C:/Users/leah.lindner/Documents/PersonalProjects/etengine/resources/assets/Engine/Shaders/
[2019/9/3-10.54.46:142]PostBufferDisplay.glsl [538700135] @: C:/Users/leah.lindner/Documents/PersonalProjects/etengine/resources/assets/Engine/Shaders/
[2019/9/3-10.54.46:142]PostDeferredComposite.glsl [2772600321] @: C:/Users/leah.lindner/Documents/PersonalProjects/etengine/resources/assets/Engine/Shaders/
[2019/9/3-10.54.46:143]PostDownsample.glsl [2205192947] @: C:/Users/leah.lindner/Documents/PersonalProjects/etengine/resources/assets/Engine/Shaders/
[2019/9/3-10.54.46:143]PostFXAA.glsl [1509136913] @: C:/Users/leah.lindner/Documents/PersonalProjects/etengine/resources/assets/Engine/Shaders/
[2019/9/3-10.54.46:144]PostGaussian.glsl [2105856666] @: C:/Users/leah.lindner/Documents/PersonalProjects/etengine/resources/assets/Engine/Shaders/
[2019/9/3-10.54.46:145]PostProcessing.glsl [1492291694] @: C:/Users/leah.lindner/Documents/PersonalProjects/etengine/resources/assets/Engine/Shaders/
[2019/9/3-10.54.46:150]PostScreenSpaceReflections.glsl [2302354561] @: C:/Users/leah.lindner/Documents/PersonalProjects/etengine/resources/assets/Engine/Shaders/
[2019/9/3-10.54.46:151]PostSprite.glsl [4008664868] @: C:/Users/leah.lindner/Documents/PersonalProjects/etengine/resources/assets/Engine/Shaders/
[2019/9/3-10.54.46:152]PostText.glsl [2738262314] @: C:/Users/leah.lindner/Documents/PersonalProjects/etengine/resources/assets/Engine/Shaders/
[2019/9/3-10.54.46:153]Splashscreen.jpg [2075696425] @: C:/Users/leah.lindner/Documents/PersonalProjects/etengine/resources/assets/Engine/Textures/
