  HdrLoader.cpp
Content\HdrLoader.cpp(252): warning C4244: 'argument': conversion from 'int' to 'GLfloat', possible loss of data
Content\HdrLoader.cpp(265): warning C4244: 'initializing': conversion from 'double' to 'unsigned int', possible loss of data
Content\HdrLoader.cpp(266): warning C4244: 'initializing': conversion from 'double' to 'unsigned int', possible loss of data
  Generating code
  1 of 3526 functions ( 0.0%) were compiled, the rest were copied from previous compilation.
    0 functions were new in current compilation
    0 functions had inline decision re-evaluated but remain unchanged
  Finished generating code
  GLFramework.vcxproj -> C:\Users\robert.lindner\Desktop\PersonalProjects\GLFramework\GLFramework\..\Build\Release\GLFramework.exe
  GLFramework.vcxproj -> C:\Users\robert.lindner\Desktop\PersonalProjects\GLFramework\GLFramework\..\Build\Release\GLFramework.pdb (Full PDB)
  0 File(s) copied
  0 File(s) copied
  0 File(s) copied
  0 File(s) copied
  0 File(s) copied
  File not found - Assimp32.dll
  C:\Users\robert.lindner\Desktop\PersonalProjects\GLFramework\GLFramework\\Resources\Models\bunny.dae
  C:\Users\robert.lindner\Desktop\PersonalProjects\GLFramework\GLFramework\\Resources\Models\cube.dae
  C:\Users\robert.lindner\Desktop\PersonalProjects\GLFramework\GLFramework\\Resources\Models\helmet.dae
  C:\Users\robert.lindner\Desktop\PersonalProjects\GLFramework\GLFramework\\Resources\Models\monkey.dae
  C:\Users\robert.lindner\Desktop\PersonalProjects\GLFramework\GLFramework\\Resources\Models\sphere.dae
  C:\Users\robert.lindner\Desktop\PersonalProjects\GLFramework\GLFramework\\Resources\Shaders\DefPBRMetShader.glsl
  C:\Users\robert.lindner\Desktop\PersonalProjects\GLFramework\GLFramework\\Resources\Shaders\DefUberShader.glsl
  C:\Users\robert.lindner\Desktop\PersonalProjects\GLFramework\GLFramework\\Resources\Shaders\FwdConvIrradianceShader.glsl
  C:\Users\robert.lindner\Desktop\PersonalProjects\GLFramework\GLFramework\\Resources\Shaders\FwdConvRadianceShader.glsl
  C:\Users\robert.lindner\Desktop\PersonalProjects\GLFramework\GLFramework\\Resources\Shaders\FwdEmissiveShader.glsl
  C:\Users\robert.lindner\Desktop\PersonalProjects\GLFramework\GLFramework\\Resources\Shaders\FwdEquiCubeShader.glsl
  C:\Users\robert.lindner\Desktop\PersonalProjects\GLFramework\GLFramework\\Resources\Shaders\FwdSkyboxShader.glsl
  C:\Users\robert.lindner\Desktop\PersonalProjects\GLFramework\GLFramework\\Resources\Shaders\FwdUberShader.glsl
  C:\Users\robert.lindner\Desktop\PersonalProjects\GLFramework\GLFramework\\Resources\Shaders\PostBufferDisplay.glsl
  C:\Users\robert.lindner\Desktop\PersonalProjects\GLFramework\GLFramework\\Resources\Shaders\PostBufferDisplayLegacy.glsl
  C:\Users\robert.lindner\Desktop\PersonalProjects\GLFramework\GLFramework\\Resources\Shaders\PostDeferredComposite.glsl
  C:\Users\robert.lindner\Desktop\PersonalProjects\GLFramework\GLFramework\\Resources\Shaders\PostDeferredCompositeLegacy.glsl
  C:\Users\robert.lindner\Desktop\PersonalProjects\GLFramework\GLFramework\\Resources\Shaders\PostHDR.glsl
  C:\Users\robert.lindner\Desktop\PersonalProjects\GLFramework\GLFramework\\Resources\Textures\AOMap.png
  C:\Users\robert.lindner\Desktop\PersonalProjects\GLFramework\GLFramework\\Resources\Textures\BaseColor.png
  C:\Users\robert.lindner\Desktop\PersonalProjects\GLFramework\GLFramework\\Resources\Textures\Metalness.png
  C:\Users\robert.lindner\Desktop\PersonalProjects\GLFramework\GLFramework\\Resources\Textures\NormalMap.png
  C:\Users\robert.lindner\Desktop\PersonalProjects\GLFramework\GLFramework\\Resources\Textures\Roughness.png
  C:\Users\robert.lindner\Desktop\PersonalProjects\GLFramework\GLFramework\\Resources\Textures\sample.png
  C:\Users\robert.lindner\Desktop\PersonalProjects\GLFramework\GLFramework\\Resources\Textures\sample2.png
  C:\Users\robert.lindner\Desktop\PersonalProjects\GLFramework\GLFramework\\Resources\Textures\TropicalRuins_3k.hdr
  C:\Users\robert.lindner\Desktop\PersonalProjects\GLFramework\GLFramework\\Resources\Textures\CubeMap\SkyBox.dds
  C:\Users\robert.lindner\Desktop\PersonalProjects\GLFramework\GLFramework\\Resources\Textures\CubeMap\skybox.rar
  C:\Users\robert.lindner\Desktop\PersonalProjects\GLFramework\GLFramework\\Resources\Textures\CubeMap\skyboxNX.jpg
  C:\Users\robert.lindner\Desktop\PersonalProjects\GLFramework\GLFramework\\Resources\Textures\CubeMap\skyboxNY.jpg
  C:\Users\robert.lindner\Desktop\PersonalProjects\GLFramework\GLFramework\\Resources\Textures\CubeMap\skyboxNZ.jpg
  C:\Users\robert.lindner\Desktop\PersonalProjects\GLFramework\GLFramework\\Resources\Textures\CubeMap\skyboxPX.jpg
  C:\Users\robert.lindner\Desktop\PersonalProjects\GLFramework\GLFramework\\Resources\Textures\CubeMap\skyboxPY.jpg
  C:\Users\robert.lindner\Desktop\PersonalProjects\GLFramework\GLFramework\\Resources\Textures\CubeMap\skyboxPZ.jpg
  C:\Users\robert.lindner\Desktop\PersonalProjects\GLFramework\GLFramework\\Resources\Textures\skybox\sbNX.jpg
  C:\Users\robert.lindner\Desktop\PersonalProjects\GLFramework\GLFramework\\Resources\Textures\skybox\sbNY.jpg
  C:\Users\robert.lindner\Desktop\PersonalProjects\GLFramework\GLFramework\\Resources\Textures\skybox\sbNZ.jpg
  C:\Users\robert.lindner\Desktop\PersonalProjects\GLFramework\GLFramework\\Resources\Textures\skybox\sbPX.jpg
  C:\Users\robert.lindner\Desktop\PersonalProjects\GLFramework\GLFramework\\Resources\Textures\skybox\sbPY.jpg
  C:\Users\robert.lindner\Desktop\PersonalProjects\GLFramework\GLFramework\\Resources\Textures\skybox\sbPZ.jpg
  40 File(s) copied
