c:\users\robert.lindner\desktop\personalprojects\glframework\build\buildfiles\debug\.pch
c:\users\robert.lindner\desktop\personalprojects\glframework\build\buildfiles\debug\vc140.pdb
c:\users\robert.lindner\desktop\personalprojects\glframework\build\buildfiles\debug\vc140.idb
c:\users\robert.lindner\desktop\personalprojects\glframework\build\buildfiles\debug\stdafx.obj
c:\users\robert.lindner\desktop\personalprojects\glframework\build\buildfiles\debug\skyboxmaterial.obj
c:\users\robert.lindner\desktop\personalprojects\glframework\build\buildfiles\debug\texpbrmaterial.obj
c:\users\robert.lindner\desktop\personalprojects\glframework\build\buildfiles\debug\ubermaterial.obj
c:\users\robert.lindner\desktop\personalprojects\glframework\build\buildfiles\debug\skyboxtestscene.obj
c:\users\robert.lindner\desktop\personalprojects\glframework\build\buildfiles\debug\testscene.obj
c:\users\robert.lindner\desktop\personalprojects\glframework\build\buildfiles\debug\framebuffer.obj
c:\users\robert.lindner\desktop\personalprojects\glframework\build\buildfiles\debug\material.obj
c:\users\robert.lindner\desktop\personalprojects\glframework\build\buildfiles\debug\meshfilter.obj
c:\users\robert.lindner\desktop\personalprojects\glframework\build\buildfiles\debug\shaderdata.obj
c:\users\robert.lindner\desktop\personalprojects\glframework\build\buildfiles\debug\texturedata.obj
c:\users\robert.lindner\desktop\personalprojects\glframework\build\buildfiles\debug\logger.obj
c:\users\robert.lindner\desktop\personalprojects\glframework\build\buildfiles\debug\mathhelper.obj
c:\users\robert.lindner\desktop\personalprojects\glframework\build\buildfiles\debug\main.obj
c:\users\robert.lindner\desktop\personalprojects\glframework\build\buildfiles\debug\fixedcamera.obj
c:\users\robert.lindner\desktop\personalprojects\glframework\build\buildfiles\debug\freecamera.obj
c:\users\robert.lindner\desktop\personalprojects\glframework\build\buildfiles\debug\orbitcamera.obj
c:\users\robert.lindner\desktop\personalprojects\glframework\build\buildfiles\debug\skybox.obj
c:\users\robert.lindner\desktop\personalprojects\glframework\build\buildfiles\debug\abstractscene.obj
c:\users\robert.lindner\desktop\personalprojects\glframework\build\buildfiles\debug\entity.obj
c:\users\robert.lindner\desktop\personalprojects\glframework\build\buildfiles\debug\scenemanager.obj
c:\users\robert.lindner\desktop\personalprojects\glframework\build\buildfiles\debug\abstractframework.obj
c:\users\robert.lindner\desktop\personalprojects\glframework\build\buildfiles\debug\inputmanager.obj
c:\users\robert.lindner\desktop\personalprojects\glframework\build\buildfiles\debug\time.obj
c:\users\robert.lindner\desktop\personalprojects\glframework\build\buildfiles\debug\abstractcomponent.obj
c:\users\robert.lindner\desktop\personalprojects\glframework\build\buildfiles\debug\cameracomponent.obj
c:\users\robert.lindner\desktop\personalprojects\glframework\build\buildfiles\debug\lightcomponent.obj
c:\users\robert.lindner\desktop\personalprojects\glframework\build\buildfiles\debug\modelcomponent.obj
c:\users\robert.lindner\desktop\personalprojects\glframework\build\buildfiles\debug\transformcomponent.obj
c:\users\robert.lindner\desktop\personalprojects\glframework\build\buildfiles\debug\contentmanager.obj
c:\users\robert.lindner\desktop\personalprojects\glframework\build\buildfiles\debug\cubemaploader.obj
c:\users\robert.lindner\desktop\personalprojects\glframework\build\buildfiles\debug\hdrloader.obj
c:\users\robert.lindner\desktop\personalprojects\glframework\build\buildfiles\debug\meshfilterloader.obj
c:\users\robert.lindner\desktop\personalprojects\glframework\build\buildfiles\debug\shaderloader.obj
c:\users\robert.lindner\desktop\personalprojects\glframework\build\buildfiles\debug\textureloader.obj
c:\users\robert.lindner\desktop\personalprojects\glframework\build\buildfiles\debug\gbuffer.obj
c:\users\robert.lindner\desktop\personalprojects\glframework\build\buildfiles\debug\hdrframebuffer.obj
c:\users\robert.lindner\desktop\personalprojects\glframework\build\buildfiles\debug\mainframework.obj
c:\users\robert.lindner\desktop\personalprojects\glframework\build\buildfiles\debug\emissivematerial.obj
c:\users\robert.lindner\desktop\personalprojects\glframework\build\buildfiles\debug\gbuffermaterial.obj
c:\users\robert.lindner\desktop\personalprojects\glframework\build\buildfiles\debug\glad.obj
c:\users\robert.lindner\desktop\personalprojects\glframework\build\debug\glframework.ilk
c:\users\robert.lindner\desktop\personalprojects\glframework\build\debug\glframework.exe
c:\users\robert.lindner\desktop\personalprojects\glframework\build\debug\glframework.pdb
c:\users\robert.lindner\desktop\personalprojects\glframework\glframework\..\build\debug\glframework.pdb
c:\users\robert.lindner\desktop\personalprojects\glframework\glframework\..\build\debug\glframework.exe
c:\users\robert.lindner\desktop\personalprojects\glframework\glframework\..\build\debug\glframework.ilk
c:\users\robert.lindner\desktop\personalprojects\glframework\build\buildfiles\debug\glframework.tlog\cl.command.1.tlog
c:\users\robert.lindner\desktop\personalprojects\glframework\build\buildfiles\debug\glframework.tlog\cl.read.1.tlog
c:\users\robert.lindner\desktop\personalprojects\glframework\build\buildfiles\debug\glframework.tlog\cl.write.1.tlog
c:\users\robert.lindner\desktop\personalprojects\glframework\build\buildfiles\debug\glframework.tlog\link.command.1.tlog
c:\users\robert.lindner\desktop\personalprojects\glframework\build\buildfiles\debug\glframework.tlog\link.read.1.tlog
c:\users\robert.lindner\desktop\personalprojects\glframework\build\buildfiles\debug\glframework.tlog\link.write.1.tlog
