  stdafx.cpp
c:\users\robert.lindner\desktop\personalprojects\glframework\glframework\stdafx.hpp(19): fatal error C1083: Cannot open include file: 'SDL.h': No such file or directory
  SceneManager.cpp
c:\users\robert.lindner\desktop\personalprojects\glframework\glframework\stdafx.hpp(19): fatal error C1083: Cannot open include file: 'SDL.h': No such file or directory
  Entity.cpp
c:\users\robert.lindner\desktop\personalprojects\glframework\glframework\stdafx.hpp(19): fatal error C1083: Cannot open include file: 'SDL.h': No such file or directory
  AbstractScene.cpp
c:\users\robert.lindner\desktop\personalprojects\glframework\glframework\stdafx.hpp(19): fatal error C1083: Cannot open include file: 'SDL.h': No such file or directory
  Skybox.cpp
c:\users\robert.lindner\desktop\personalprojects\glframework\glframework\stdafx.hpp(19): fatal error C1083: Cannot open include file: 'SDL.h': No such file or directory
  OrbitCamera.cpp
c:\users\robert.lindner\desktop\personalprojects\glframework\glframework\stdafx.hpp(19): fatal error C1083: Cannot open include file: 'SDL.h': No such file or directory
  FreeCamera.cpp
c:\users\robert.lindner\desktop\personalprojects\glframework\glframework\stdafx.hpp(19): fatal error C1083: Cannot open include file: 'SDL.h': No such file or directory
  FixedCamera.cpp
c:\users\robert.lindner\desktop\personalprojects\glframework\glframework\stdafx.hpp(19): fatal error C1083: Cannot open include file: 'SDL.h': No such file or directory
  main.cpp
c:\users\robert.lindner\desktop\personalprojects\glframework\glframework\stdafx.hpp(19): fatal error C1083: Cannot open include file: 'SDL.h': No such file or directory
  MathHelper.cpp
c:\users\robert.lindner\desktop\personalprojects\glframework\glframework\stdafx.hpp(19): fatal error C1083: Cannot open include file: 'SDL.h': No such file or directory
  Logger.cpp
c:\users\robert.lindner\desktop\personalprojects\glframework\glframework\stdafx.hpp(19): fatal error C1083: Cannot open include file: 'SDL.h': No such file or directory
  TextureData.cpp
c:\users\robert.lindner\desktop\personalprojects\glframework\glframework\stdafx.hpp(19): fatal error C1083: Cannot open include file: 'SDL.h': No such file or directory
  ShaderData.cpp
c:\users\robert.lindner\desktop\personalprojects\glframework\glframework\stdafx.hpp(19): fatal error C1083: Cannot open include file: 'SDL.h': No such file or directory
  MeshFilter.cpp
c:\users\robert.lindner\desktop\personalprojects\glframework\glframework\stdafx.hpp(19): fatal error C1083: Cannot open include file: 'SDL.h': No such file or directory
  Material.cpp
c:\users\robert.lindner\desktop\personalprojects\glframework\glframework\stdafx.hpp(19): fatal error C1083: Cannot open include file: 'SDL.h': No such file or directory
  FrameBuffer.cpp
c:\users\robert.lindner\desktop\personalprojects\glframework\glframework\stdafx.hpp(19): fatal error C1083: Cannot open include file: 'SDL.h': No such file or directory
  LightVolume.cpp
c:\users\robert.lindner\desktop\personalprojects\glframework\glframework\graphicshelper\lightvolume.cpp(1): fatal error C1083: Cannot open include file: 'stdafx.hpp': No such file or directory
  TestScene.cpp
c:\users\robert.lindner\desktop\personalprojects\glframework\glframework\stdafx.hpp(19): fatal error C1083: Cannot open include file: 'SDL.h': No such file or directory
  SkyboxTestScene.cpp
c:\users\robert.lindner\desktop\personalprojects\glframework\glframework\stdafx.hpp(19): fatal error C1083: Cannot open include file: 'SDL.h': No such file or directory
  UberMaterial.cpp
c:\users\robert.lindner\desktop\personalprojects\glframework\glframework\stdafx.hpp(19): fatal error C1083: Cannot open include file: 'SDL.h': No such file or directory
  Generating Code...
  Compiling...
  TexPBRMaterial.cpp
c:\users\robert.lindner\desktop\personalprojects\glframework\glframework\stdafx.hpp(19): fatal error C1083: Cannot open include file: 'SDL.h': No such file or directory
  SkyboxMaterial.cpp
c:\users\robert.lindner\desktop\personalprojects\glframework\glframework\stdafx.hpp(19): fatal error C1083: Cannot open include file: 'SDL.h': No such file or directory
  LightMaterial.cpp
c:\users\robert.lindner\desktop\personalprojects\glframework\glframework\stdafx.hpp(19): fatal error C1083: Cannot open include file: 'SDL.h': No such file or directory
  GbufferMaterial.cpp
c:\users\robert.lindner\desktop\personalprojects\glframework\glframework\stdafx.hpp(19): fatal error C1083: Cannot open include file: 'SDL.h': No such file or directory
  EmissiveMaterial.cpp
c:\users\robert.lindner\desktop\personalprojects\glframework\glframework\stdafx.hpp(19): fatal error C1083: Cannot open include file: 'SDL.h': No such file or directory
  MainFramework.cpp
c:\users\robert.lindner\desktop\personalprojects\glframework\glframework\stdafx.hpp(19): fatal error C1083: Cannot open include file: 'SDL.h': No such file or directory
  HDRframeBuffer.cpp
c:\users\robert.lindner\desktop\personalprojects\glframework\glframework\stdafx.hpp(19): fatal error C1083: Cannot open include file: 'SDL.h': No such file or directory
  Gbuffer.cpp
c:\users\robert.lindner\desktop\personalprojects\glframework\glframework\stdafx.hpp(19): fatal error C1083: Cannot open include file: 'SDL.h': No such file or directory
  TextureLoader.cpp
c:\users\robert.lindner\desktop\personalprojects\glframework\glframework\stdafx.hpp(19): fatal error C1083: Cannot open include file: 'SDL.h': No such file or directory
  ShaderLoader.cpp
c:\users\robert.lindner\desktop\personalprojects\glframework\glframework\stdafx.hpp(19): fatal error C1083: Cannot open include file: 'SDL.h': No such file or directory
  MeshFilterLoader.cpp
c:\users\robert.lindner\desktop\personalprojects\glframework\glframework\stdafx.hpp(19): fatal error C1083: Cannot open include file: 'SDL.h': No such file or directory
  HdrLoader.cpp
c:\users\robert.lindner\desktop\personalprojects\glframework\glframework\stdafx.hpp(19): fatal error C1083: Cannot open include file: 'SDL.h': No such file or directory
  CubeMapLoader.cpp
c:\users\robert.lindner\desktop\personalprojects\glframework\glframework\stdafx.hpp(19): fatal error C1083: Cannot open include file: 'SDL.h': No such file or directory
  ContentManager.cpp
c:\users\robert.lindner\desktop\personalprojects\glframework\glframework\stdafx.hpp(19): fatal error C1083: Cannot open include file: 'SDL.h': No such file or directory
  TransformComponent.cpp
c:\users\robert.lindner\desktop\personalprojects\glframework\glframework\stdafx.hpp(19): fatal error C1083: Cannot open include file: 'SDL.h': No such file or directory
  ModelComponent.cpp
c:\users\robert.lindner\desktop\personalprojects\glframework\glframework\stdafx.hpp(19): fatal error C1083: Cannot open include file: 'SDL.h': No such file or directory
  LightComponent.cpp
c:\users\robert.lindner\desktop\personalprojects\glframework\glframework\stdafx.hpp(19): fatal error C1083: Cannot open include file: 'SDL.h': No such file or directory
  CameraComponent.cpp
c:\users\robert.lindner\desktop\personalprojects\glframework\glframework\stdafx.hpp(19): fatal error C1083: Cannot open include file: 'SDL.h': No such file or directory
  AbstractComponent.cpp
c:\users\robert.lindner\desktop\personalprojects\glframework\glframework\stdafx.hpp(19): fatal error C1083: Cannot open include file: 'SDL.h': No such file or directory
  Time.cpp
c:\users\robert.lindner\desktop\personalprojects\glframework\glframework\stdafx.hpp(19): fatal error C1083: Cannot open include file: 'SDL.h': No such file or directory
  Generating Code...
  Compiling...
  InputManager.cpp
c:\users\robert.lindner\desktop\personalprojects\glframework\glframework\stdafx.hpp(19): fatal error C1083: Cannot open include file: 'SDL.h': No such file or directory
  AbstractFramework.cpp
c:\users\robert.lindner\desktop\personalprojects\glframework\glframework\stdafx.hpp(19): fatal error C1083: Cannot open include file: 'SDL.h': No such file or directory
  Generating Code...
