  AbstractFramework.cpp
  InputManager.cpp
  Time.cpp
  AbstractComponent.cpp
  CameraComponent.cpp
  LightComponent.cpp
  ModelComponent.cpp
Components\ModelComponent.cpp(75): warning C4267: 'argument': conversion from 'size_t' to 'GLsizei', possible loss of data
  TransformComponent.cpp
  ContentManager.cpp
  CubeMapLoader.cpp
  HdrLoader.cpp
  MeshFilterLoader.cpp
  ShaderLoader.cpp
  TextureLoader.cpp
  Gbuffer.cpp
  HDRframeBuffer.cpp
  MainFramework.cpp
  EmissiveMaterial.cpp
  GbufferMaterial.cpp
  LightMaterial.cpp
Game\Materials\LightMaterial.cpp(39): warning C4267: 'argument': conversion from 'size_t' to 'GLenum', possible loss of data
  Compiling...
  NullMaterial.cpp
  SkyboxMaterial.cpp
  TexPBRMaterial.cpp
  SkyboxTestScene.cpp
  TestScene.cpp
  LightVolume.cpp
GraphicsHelper\LightVolume.cpp(1): fatal error C1083: Cannot open include file: 'stdafx.hpp': No such file or directory
  FrameBuffer.cpp
Graphics\FrameBuffer.cpp(80): warning C4267: 'argument': conversion from 'size_t' to 'GLenum', possible loss of data
Graphics\FrameBuffer.cpp(82): warning C4267: 'argument': conversion from 'size_t' to 'unsigned int', possible loss of data
Graphics\FrameBuffer.cpp(114): warning C4267: 'argument': conversion from 'size_t' to 'GLenum', possible loss of data
  Material.cpp
  MeshFilter.cpp
  ShaderData.cpp
  TextureData.cpp
  Logger.cpp
  MathHelper.cpp
  main.cpp
  FixedCamera.cpp
  FreeCamera.cpp
  OrbitCamera.cpp
  Skybox.cpp
  AbstractScene.cpp
  Entity.cpp
  Compiling...
  SceneManager.cpp
SceneGraph\SceneManager.cpp(77): warning C4267: '=': conversion from 'size_t' to 'unsigned int', possible loss of data
  stdafx.cpp
